<?xml version="1.0" encoding="UTF-8"?>
<testng-results ignored="0" total="2" passed="2" failed="0" skipped="0">
  <reporter-output>
  </reporter-output>
  <suite started-at="2024-06-12T14:00:51 IST" name="Default suite" finished-at="2024-06-12T14:01:04 IST" duration-ms="13518">
    <groups>
    </groups>
    <test started-at="2024-06-12T14:00:51 IST" name="Default test" finished-at="2024-06-12T14:01:04 IST" duration-ms="13518">
      <class name="tests.TestsOnLocalAPI">
        <test-method signature="deleteTest()[pri:0, instance:tests.TestsOnLocalAPI@437da279]" started-at="2024-06-12T14:00:51 IST" name="deleteTest" finished-at="2024-06-12T14:01:04 IST" duration-ms="13222" status="PASS">
          <reporter-output>
          </reporter-output>
        </test-method> <!-- deleteTest -->
        <test-method signature="getTest()[pri:0, instance:tests.TestsOnLocalAPI@437da279]" started-at="2024-06-12T14:01:04 IST" name="getTest" finished-at="2024-06-12T14:01:04 IST" duration-ms="198" status="PASS">
          <reporter-output>
          </reporter-output>
        </test-method> <!-- getTest -->
      </class> <!-- tests.TestsOnLocalAPI -->
    </test> <!-- Default test -->
  </suite> <!-- Default suite -->
</testng-results>
