<?xml version="1.0" encoding="UTF-8"?>
<testng-results ignored="0" total="1" passed="1" failed="0" skipped="0">
  <reporter-output>
  </reporter-output>
  <suite started-at="2024-06-14T18:21:32 IST" name="Default suite" finished-at="2024-06-14T18:21:52 IST" duration-ms="19235">
    <groups>
    </groups>
    <test started-at="2024-06-14T18:21:32 IST" name="Default test" finished-at="2024-06-14T18:21:52 IST" duration-ms="19235">
      <class name="tests.SampleTests.HTTPRequestsTests">
        <test-method signature="testHttpRequests()[pri:0, instance:tests.SampleTests.HTTPRequestsTests@5e600dd5]" started-at="2024-06-14T18:21:33 IST" name="testHttpRequests" finished-at="2024-06-14T18:21:52 IST" duration-ms="19147" status="PASS">
          <reporter-output>
          </reporter-output>
        </test-method> <!-- testHttpRequests -->
      </class> <!-- tests.SampleTests.HTTPRequestsTests -->
    </test> <!-- Default test -->
  </suite> <!-- Default suite -->
</testng-results>
