<?xml version="1.0" encoding="UTF-8"?>
<testng-results ignored="0" total="1" passed="1" failed="0" skipped="0">
  <reporter-output>
  </reporter-output>
  <suite started-at="2024-06-17T18:19:02 IST" name="Default suite" finished-at="2024-06-17T18:19:53 IST" duration-ms="50379">
    <groups>
    </groups>
    <test started-at="2024-06-17T18:19:02 IST" name="Default test" finished-at="2024-06-17T18:19:53 IST" duration-ms="50379">
      <class name="tests.SampleTests.HTTPRequestsTests">
        <test-method signature="testHttpRequests()[pri:0, instance:tests.SampleTests.HTTPRequestsTests@2e3967ea]" started-at="2024-06-17T18:19:02 IST" name="testHttpRequests" finished-at="2024-06-17T18:19:53 IST" duration-ms="50292" status="PASS">
          <reporter-output>
          </reporter-output>
        </test-method> <!-- testHttpRequests -->
      </class> <!-- tests.SampleTests.HTTPRequestsTests -->
    </test> <!-- Default test -->
  </suite> <!-- Default suite -->
</testng-results>
